# Java VM: OpenJDK 64-Bit Server VM Temurin-17.0.3+7 (17.0.3+7, mixed mode, emulated-client, tiered, compressed oops, compressed class ptrs, g1 gc, windows-amd64)
GC Precious Log:
 CPUs: 8 total, 8 available
 Memory: 8043M
 Large Page Support: Disabled
 NUMA Support: Disabled
 Compressed Oops: Enabled (32-bit)
 Heap Region Size: 1M
 Heap Min Capacity: 8M
 Heap Initial Capacity: 126M
 Heap Max Capacity: 2012M
 Pre-touch: Disabled
 Parallel Workers: 8
 Concurrent Workers: 2
 Concurrent Refinement Workers: 8
 Periodic GC: Disabled
Heap:
 garbage-first heap   total 46080K, used 29696K [0x0000000082400000, 0x0000000100000000)
  region size 1024K, 10 young (10240K), 2 survivors (2048K)
 Metaspace       used 58201K, committed 58560K, reserved 1105920K
  class space    used 7882K, committed 8064K, reserved 1048576K
GC Heap History (20 events):
Event: 3.266 GC heap before
{Heap before GC invocations=7 (full 0):
 garbage-first heap   total 37888K, used 27924K [0x0000000082400000, 0x0000000100000000)
  region size 1024K, 17 young (17408K), 2 survivors (2048K)
 Metaspace       used 31454K, committed 31808K, reserved 1081344K
  class space    used 3910K, committed 4096K, reserved 1048576K
}
Event: 3.268 GC heap after
{Heap after GC invocations=8 (full 0):
 garbage-first heap   total 37888K, used 13563K [0x0000000082400000, 0x0000000100000000)
  region size 1024K, 3 young (3072K), 3 survivors (3072K)
 Metaspace       used 31454K, committed 31808K, reserved 1081344K
  class space    used 3910K, committed 4096K, reserved 1048576K
}
Event: 3.591 GC heap before
{Heap before GC invocations=8 (full 0):
 garbage-first heap   total 37888K, used 27899K [0x0000000082400000, 0x0000000100000000)
  region size 1024K, 17 young (17408K), 3 survivors (3072K)
 Metaspace       used 33505K, committed 33792K, reserved 1081344K
  class space    used 4212K, committed 4352K, reserved 1048576K
}
Event: 3.595 GC heap after
{Heap after GC invocations=9 (full 0):
 garbage-first heap   total 37888K, used 14529K [0x0000000082400000, 0x0000000100000000)
  region size 1024K, 3 young (3072K), 3 survivors (3072K)
 Metaspace       used 33505K, committed 33792K, reserved 1081344K
  class space    used 4212K, committed 4352K, reserved 1048576K
}
Event: 3.840 GC heap before
{Heap before GC invocations=9 (full 0):
 garbage-first heap   total 37888K, used 27841K [0x0000000082400000, 0x0000000100000000)
  region size 1024K, 16 young (16384K), 3 survivors (3072K)
 Metaspace       used 35466K, committed 35776K, reserved 1081344K
  class space    used 4561K, committed 4672K, reserved 1048576K
}
Event: 3.843 GC heap after
{Heap after GC invocations=10 (full 0):
 garbage-first heap   total 37888K, used 16098K [0x0000000082400000, 0x0000000100000000)
  region size 1024K, 2 young (2048K), 2 survivors (2048K)
 Metaspace       used 35466K, committed 35776K, reserved 1081344K
  class space    used 4561K, committed 4672K, reserved 1048576K
}
Event: 3.871 GC heap before
{Heap before GC invocations=10 (full 0):
 garbage-first heap   total 37888K, used 17122K [0x0000000082400000, 0x0000000100000000)
  region size 1024K, 4 young (4096K), 2 survivors (2048K)
 Metaspace       used 35744K, committed 36096K, reserved 1081344K
  class space    used 4592K, committed 4800K, reserved 1048576K
}
Event: 3.873 GC heap after
{Heap after GC invocations=11 (full 0):
 garbage-first heap   total 46080K, used 16247K [0x0000000082400000, 0x0000000100000000)
  region size 1024K, 1 young (1024K), 1 survivors (1024K)
 Metaspace       used 35744K, committed 36096K, reserved 1081344K
  class space    used 4592K, committed 4800K, reserved 1048576K
}
Event: 4.278 GC heap before
{Heap before GC invocations=12 (full 0):
 garbage-first heap   total 46080K, used 33655K [0x0000000082400000, 0x0000000100000000)
  region size 1024K, 18 young (18432K), 1 survivors (1024K)
 Metaspace       used 38116K, committed 38400K, reserved 1089536K
  class space    used 4871K, committed 4992K, reserved 1048576K
}
Event: 4.280 GC heap after
{Heap after GC invocations=13 (full 0):
 garbage-first heap   total 46080K, used 17437K [0x0000000082400000, 0x0000000100000000)
  region size 1024K, 2 young (2048K), 2 survivors (2048K)
 Metaspace       used 38116K, committed 38400K, reserved 1089536K
  class space    used 4871K, committed 4992K, reserved 1048576K
}
Event: 4.684 GC heap before
{Heap before GC invocations=13 (full 0):
 garbage-first heap   total 46080K, used 34845K [0x0000000082400000, 0x0000000100000000)
  region size 1024K, 19 young (19456K), 2 survivors (2048K)
 Metaspace       used 41615K, committed 41984K, reserved 1089536K
  class space    used 5409K, committed 5568K, reserved 1048576K
}
Event: 4.686 GC heap after
{Heap after GC invocations=14 (full 0):
 garbage-first heap   total 46080K, used 18314K [0x0000000082400000, 0x0000000100000000)
  region size 1024K, 3 young (3072K), 3 survivors (3072K)
 Metaspace       used 41615K, committed 41984K, reserved 1089536K
  class space    used 5409K, committed 5568K, reserved 1048576K
}
Event: 5.116 GC heap before
{Heap before GC invocations=14 (full 0):
 garbage-first heap   total 46080K, used 34698K [0x0000000082400000, 0x0000000100000000)
  region size 1024K, 19 young (19456K), 3 survivors (3072K)
 Metaspace       used 46790K, committed 47232K, reserved 1089536K
  class space    used 6138K, committed 6336K, reserved 1048576K
}
Event: 5.119 GC heap after
{Heap after GC invocations=15 (full 0):
 garbage-first heap   total 46080K, used 20002K [0x0000000082400000, 0x0000000100000000)
  region size 1024K, 3 young (3072K), 3 survivors (3072K)
 Metaspace       used 46790K, committed 47232K, reserved 1089536K
  class space    used 6138K, committed 6336K, reserved 1048576K
}
Event: 5.544 GC heap before
{Heap before GC invocations=15 (full 0):
 garbage-first heap   total 46080K, used 34338K [0x0000000082400000, 0x0000000100000000)
  region size 1024K, 18 young (18432K), 3 survivors (3072K)
 Metaspace       used 52010K, committed 52352K, reserved 1097728K
  class space    used 6876K, committed 7040K, reserved 1048576K
}
Event: 5.548 GC heap after
{Heap after GC invocations=16 (full 0):
 garbage-first heap   total 46080K, used 21191K [0x0000000082400000, 0x0000000100000000)
  region size 1024K, 2 young (2048K), 2 survivors (2048K)
 Metaspace       used 52010K, committed 52352K, reserved 1097728K
  class space    used 6876K, committed 7040K, reserved 1048576K
}
Event: 5.746 GC heap before
{Heap before GC invocations=16 (full 0):
 garbage-first heap   total 46080K, used 35527K [0x0000000082400000, 0x0000000100000000)
  region size 1024K, 16 young (16384K), 2 survivors (2048K)
 Metaspace       used 53927K, committed 54400K, reserved 1097728K
  class space    used 7149K, committed 7360K, reserved 1048576K
}
Event: 5.748 GC heap after
{Heap after GC invocations=17 (full 0):
 garbage-first heap   total 46080K, used 22000K [0x0000000082400000, 0x0000000100000000)
  region size 1024K, 1 young (1024K), 1 survivors (1024K)
 Metaspace       used 53927K, committed 54400K, reserved 1097728K
  class space    used 7149K, committed 7360K, reserved 1048576K
}
Event: 6.109 GC heap before
{Heap before GC invocations=17 (full 0):
 garbage-first heap   total 46080K, used 35312K [0x0000000082400000, 0x0000000100000000)
  region size 1024K, 14 young (14336K), 1 survivors (1024K)
 Metaspace       used 57306K, committed 57664K, reserved 1105920K
  class space    used 7699K, committed 7872K, reserved 1048576K
}
Event: 6.112 GC heap after
{Heap after GC invocations=18 (full 0):
 garbage-first heap   total 46080K, used 22528K [0x0000000082400000, 0x0000000100000000)
  region size 1024K, 2 young (2048K), 2 survivors (2048K)
 Metaspace       used 57306K, committed 57664K, reserved 1105920K
  class space    used 7699K, committed 7872K, reserved 1048576K
}

